[debug] [2024-06-09T09:52:31.783Z] ----------------------------------------------------------------------
[debug] [2024-06-09T09:52:31.786Z] Command:       C:\Program Files\nodejs\node.exe C:\Users\dific\AppData\Roaming\npm\node_modules\firebase-tools\lib\bin\firebase.js init
[debug] [2024-06-09T09:52:31.786Z] CLI Version:   13.11.2
[debug] [2024-06-09T09:52:31.787Z] Platform:      win32
[debug] [2024-06-09T09:52:31.787Z] Node Version:  v22.2.0
[debug] [2024-06-09T09:52:31.787Z] Time:          Sun Jun 09 2024 09:52:31 GMT+0000 (Hora Coordenada Universal)
[debug] [2024-06-09T09:52:31.787Z] ----------------------------------------------------------------------
[debug] 
[debug] [2024-06-09T09:52:31.859Z] > command requires scopes: ["email","openid","https://www.googleapis.com/auth/cloudplatformprojects.readonly","https://www.googleapis.com/auth/firebase","https://www.googleapis.com/auth/cloud-platform"]
[debug] [2024-06-09T09:52:31.859Z] > authorizing via signed-in user (pedrompinto12@gmail.com)
[info] 
     ######## #### ########  ######## ########     ###     ######  ########
     ##        ##  ##     ## ##       ##     ##  ##   ##  ##       ##
     ######    ##  ########  ######   ########  #########  ######  ######
     ##        ##  ##    ##  ##       ##     ## ##     ##       ## ##
     ##       #### ##     ## ######## ########  ##     ##  ######  ########

You're about to initialize a Firebase project in this directory:

  C:\Users\dific\museus_pw

Before we get started, keep in mind:

  * You are initializing within an existing Firebase project directory

[info] 
=== Project Setup
[info] 
[info] First, let's associate this project directory with a Firebase project.
[info] You can create multiple project aliases by running firebase use --add, 
[info] but for now we'll just set up a default project.
[info] 
[debug] [2024-06-09T09:52:38.676Z] Using project from CLI flag: projetowebmuseus
[debug] [2024-06-09T09:52:38.679Z] >>> [apiv2][query] GET https://firebase.googleapis.com/v1beta1/projects/projetowebmuseus [none]
[debug] [2024-06-09T09:52:39.071Z] <<< [apiv2][status] GET https://firebase.googleapis.com/v1beta1/projects/projetowebmuseus 200
[debug] [2024-06-09T09:52:39.072Z] <<< [apiv2][body] GET https://firebase.googleapis.com/v1beta1/projects/projetowebmuseus {"projectId":"projetowebmuseus","projectNumber":"1012258807355","displayName":"projetowebmuseus","name":"projects/projetowebmuseus","resources":{"hostingSite":"projetowebmuseus","realtimeDatabaseInstance":"projetowebmuseus-default-rtdb","storageBucket":"projetowebmuseus.appspot.com","locationId":"us-central"},"state":"ACTIVE","etag":"1_d232afd5-6eff-4d59-8b73-50a824dadb7d"}
[info] i  Using project projetowebmuseus (projetowebmuseus) 
[info] 
=== Firestore Setup
[debug] [2024-06-09T09:52:39.077Z] >>> [apiv2][query] GET https://serviceusage.googleapis.com/v1/projects/projetowebmuseus/services/firestore.googleapis.com [none]
[debug] [2024-06-09T09:52:39.077Z] >>> [apiv2][(partial)header] GET https://serviceusage.googleapis.com/v1/projects/projetowebmuseus/services/firestore.googleapis.com x-goog-quota-user=projects/projetowebmuseus
[debug] [2024-06-09T09:52:40.033Z] <<< [apiv2][status] GET https://serviceusage.googleapis.com/v1/projects/projetowebmuseus/services/firestore.googleapis.com 200
[debug] [2024-06-09T09:52:40.033Z] <<< [apiv2][body] GET https://serviceusage.googleapis.com/v1/projects/projetowebmuseus/services/firestore.googleapis.com [omitted]
[debug] [2024-06-09T09:52:40.034Z] >>> [apiv2][query] GET https://firestore.googleapis.com/v1/projects/projetowebmuseus/databases/(default) [none]
[debug] [2024-06-09T09:52:40.855Z] <<< [apiv2][status] GET https://firestore.googleapis.com/v1/projects/projetowebmuseus/databases/(default) 200
[debug] [2024-06-09T09:52:40.855Z] <<< [apiv2][body] GET https://firestore.googleapis.com/v1/projects/projetowebmuseus/databases/(default) {"name":"projects/projetowebmuseus/databases/(default)","uid":"3d406bae-c44b-4dc6-a482-509018e8639a","createTime":"2024-06-09T09:42:16.696745Z","updateTime":"2024-06-09T09:42:16.696745Z","locationId":"nam5","type":"FIRESTORE_NATIVE","concurrencyMode":"PESSIMISTIC","versionRetentionPeriod":"3600s","earliestVersionTime":"2024-06-09T09:42:16.696745Z","appEngineIntegrationMode":"DISABLED","keyPrefix":"s","pointInTimeRecoveryEnablement":"POINT_IN_TIME_RECOVERY_DISABLED","deleteProtectionState":"DELETE_PROTECTION_DISABLED","etag":"IJazh/OfzoYDMOLYpvmezoYD"}
[debug] [2024-06-09T09:52:40.856Z] database_type: FIRESTORE_NATIVE
[debug] [2024-06-09T09:52:40.856Z] > command requires scopes: ["email","openid","https://www.googleapis.com/auth/cloudplatformprojects.readonly","https://www.googleapis.com/auth/firebase","https://www.googleapis.com/auth/cloud-platform"]
[debug] [2024-06-09T09:52:40.856Z] > authorizing via signed-in user (pedrompinto12@gmail.com)
[debug] [2024-06-09T09:52:40.856Z] [iam] checking project projetowebmuseus for permissions ["firebase.projects.get"]
[debug] [2024-06-09T09:52:40.857Z] >>> [apiv2][query] POST https://cloudresourcemanager.googleapis.com/v1/projects/projetowebmuseus:testIamPermissions [none]
[debug] [2024-06-09T09:52:40.857Z] >>> [apiv2][(partial)header] POST https://cloudresourcemanager.googleapis.com/v1/projects/projetowebmuseus:testIamPermissions x-goog-quota-user=projects/projetowebmuseus
[debug] [2024-06-09T09:52:40.857Z] >>> [apiv2][body] POST https://cloudresourcemanager.googleapis.com/v1/projects/projetowebmuseus:testIamPermissions {"permissions":["firebase.projects.get"]}
[debug] [2024-06-09T09:52:41.646Z] <<< [apiv2][status] POST https://cloudresourcemanager.googleapis.com/v1/projects/projetowebmuseus:testIamPermissions 200
[debug] [2024-06-09T09:52:41.646Z] <<< [apiv2][body] POST https://cloudresourcemanager.googleapis.com/v1/projects/projetowebmuseus:testIamPermissions {"permissions":["firebase.projects.get"]}
[info] 
[info] Firestore Security Rules allow you to define how and when to allow
[info] requests. You can keep these rules in your project directory
[info] and publish them with firebase deploy.
[info] 
[info] 
[info] Firestore indexes allow you to perform complex queries while
[info] maintaining performance that scales with the size of the result
[info] set. You can keep index definitions in your project directory
[info] and publish them with firebase deploy.
[info] 
[info] 
=== Functions Setup
[debug] [2024-06-09T09:53:05.073Z] > command requires scopes: ["email","openid","https://www.googleapis.com/auth/cloudplatformprojects.readonly","https://www.googleapis.com/auth/firebase","https://www.googleapis.com/auth/cloud-platform"]
[debug] [2024-06-09T09:53:05.074Z] > authorizing via signed-in user (pedrompinto12@gmail.com)
[debug] [2024-06-09T09:53:05.074Z] [iam] checking project projetowebmuseus for permissions ["firebase.projects.get"]
[debug] [2024-06-09T09:53:05.074Z] >>> [apiv2][query] POST https://cloudresourcemanager.googleapis.com/v1/projects/projetowebmuseus:testIamPermissions [none]
[debug] [2024-06-09T09:53:05.074Z] >>> [apiv2][(partial)header] POST https://cloudresourcemanager.googleapis.com/v1/projects/projetowebmuseus:testIamPermissions x-goog-quota-user=projects/projetowebmuseus
[debug] [2024-06-09T09:53:05.074Z] >>> [apiv2][body] POST https://cloudresourcemanager.googleapis.com/v1/projects/projetowebmuseus:testIamPermissions {"permissions":["firebase.projects.get"]}
[debug] [2024-06-09T09:53:05.761Z] <<< [apiv2][status] POST https://cloudresourcemanager.googleapis.com/v1/projects/projetowebmuseus:testIamPermissions 200
[debug] [2024-06-09T09:53:05.762Z] <<< [apiv2][body] POST https://cloudresourcemanager.googleapis.com/v1/projects/projetowebmuseus:testIamPermissions {"permissions":["firebase.projects.get"]}
[debug] [2024-06-09T09:53:05.762Z] >>> [apiv2][query] GET https://serviceusage.googleapis.com/v1/projects/projetowebmuseus/services/cloudfunctions.googleapis.com [none]
[debug] [2024-06-09T09:53:05.763Z] >>> [apiv2][(partial)header] GET https://serviceusage.googleapis.com/v1/projects/projetowebmuseus/services/cloudfunctions.googleapis.com x-goog-quota-user=projects/projetowebmuseus
[debug] [2024-06-09T09:53:05.764Z] >>> [apiv2][query] GET https://serviceusage.googleapis.com/v1/projects/projetowebmuseus/services/runtimeconfig.googleapis.com [none]
[debug] [2024-06-09T09:53:05.764Z] >>> [apiv2][(partial)header] GET https://serviceusage.googleapis.com/v1/projects/projetowebmuseus/services/runtimeconfig.googleapis.com x-goog-quota-user=projects/projetowebmuseus
[debug] [2024-06-09T09:53:06.630Z] <<< [apiv2][status] GET https://serviceusage.googleapis.com/v1/projects/projetowebmuseus/services/runtimeconfig.googleapis.com 200
[debug] [2024-06-09T09:53:06.631Z] <<< [apiv2][body] GET https://serviceusage.googleapis.com/v1/projects/projetowebmuseus/services/runtimeconfig.googleapis.com [omitted]
[debug] [2024-06-09T09:53:06.634Z] <<< [apiv2][status] GET https://serviceusage.googleapis.com/v1/projects/projetowebmuseus/services/cloudfunctions.googleapis.com 200
[debug] [2024-06-09T09:53:06.634Z] <<< [apiv2][body] GET https://serviceusage.googleapis.com/v1/projects/projetowebmuseus/services/cloudfunctions.googleapis.com [omitted]
[info] 
Detected existing codebase(s): default

[info] Let's create a new codebase for your functions.
[info] A directory corresponding to the codebase will be created in your project
[info] with sample code pre-configured.

[info] See https://firebase.google.com/docs/functions/organize-functions for
[info] more information on organizing your functions using codebases.

[info] Functions can be deployed with firebase deploy.

